SF:lib\core\models\credit_model.dart
DA:13,1
DA:26,1
DA:27,1
DA:28,1
DA:29,1
DA:30,1
DA:31,1
DA:32,1
DA:33,1
DA:34,1
DA:35,1
DA:36,1
DA:41,1
DA:42,1
DA:43,1
DA:44,1
DA:45,1
DA:46,1
DA:47,1
DA:48,1
DA:49,1
LF:21
LH:21
end_of_record
SF:lib\core\models\project_model.dart
DA:13,1
DA:25,1
DA:26,1
DA:27,1
DA:28,1
DA:29,1
DA:30,1
DA:31,1
DA:32,1
DA:33,1
DA:34,1
DA:35,1
DA:40,1
DA:41,1
DA:42,1
DA:43,1
DA:44,1
DA:45,1
DA:46,1
DA:47,1
DA:48,1
LF:21
LH:21
end_of_record
SF:lib\core\models\user_model.dart
DA:22,1
DA:42,1
DA:61,1
DA:62,1
DA:63,1
DA:64,0
DA:65,1
DA:66,0
DA:67,1
DA:68,1
DA:69,1
DA:70,1
DA:71,1
DA:72,1
DA:73,1
DA:74,1
DA:75,1
DA:76,0
DA:77,1
DA:78,1
DA:82,1
DA:83,1
DA:87,3
DA:88,1
DA:91,1
DA:92,3
DA:93,1
DA:97,1
DA:98,1
DA:99,1
DA:100,1
DA:101,1
DA:102,1
DA:103,1
DA:104,1
DA:105,1
DA:106,1
DA:107,3
DA:108,3
DA:109,3
DA:110,3
DA:111,3
DA:113,1
DA:114,2
DA:120,1
DA:121,1
DA:122,1
DA:123,1
DA:124,1
DA:125,1
DA:126,1
DA:127,1
DA:128,1
DA:129,1
DA:130,1
DA:131,1
DA:132,1
DA:133,1
DA:134,1
DA:135,1
DA:136,1
DA:137,1
DA:138,1
LF:63
LH:60
end_of_record
SF:lib\core\widgets\gallery_thumbnail_widget.dart
DA:8,1
DA:14,1
DA:16,2
DA:17,2
DA:21,1
DA:22,1
DA:25,1
DA:27,0
DA:28,0
DA:30,0
DA:31,0
DA:32,0
DA:37,2
DA:38,1
DA:39,2
DA:42,1
DA:43,1
DA:53,1
DA:54,1
DA:55,1
DA:65,1
DA:66,1
DA:77,1
DA:78,1
DA:79,1
DA:81,1
LF:26
LH:21
end_of_record
SF:lib\features\components\button.dart
DA:6,1
DA:8,1
DA:10,1
DA:11,1
DA:12,1
DA:13,1
DA:14,0
DA:15,1
DA:16,1
DA:18,1
DA:19,1
LF:11
LH:10
end_of_record
SF:lib\features\components\textfield.dart
DA:10,1
DA:20,1
DA:22,1
DA:24,1
DA:25,1
DA:26,1
DA:27,1
DA:28,1
DA:29,1
DA:31,1
DA:34,1
DA:36,1
DA:37,1
LF:13
LH:13
end_of_record
